<?xml version="1.0" encoding="UTF-8"?>
<!-- Generated by org.testng.reporters.JUnitReportReporter -->
<testsuite hostname="Alans-MBP" failures="0" tests="2" name="com.test.global.testrunner.AllTestNG" time="37.224" errors="0" timestamp="2022-05-16T23:43:08 SGT" skipped="0">
  <testcase classname="com.test.global.testrunner.AllTestNG" name="runScenario" time="19.874"/>
  <system-out/>
  <testcase classname="com.test.global.testrunner.AllTestNG" name="runScenario" time="17.350"/>
  <system-out/>
</testsuite> <!-- com.test.global.testrunner.AllTestNG -->
